{"name": "test_loginFailMethod", "status": "failed", "statusDetails": {"message": "AssertionError", "trace": "self = <tests.LoginTest.LoginTest testMethod=test_loginFailMethod>\n\n    @pytest.mark.run(order=3)\n    def test_loginFailMethod(self):\n        cl.allureLogs(\"App Opened\")\n        self.gt.clickLoginBotton()\n        self.gt.enterEmail()\n        self.gt.enterPassword2()\n        self.gt.clickOnLoginB()\n>       self.gt.verifyAdminScreen()\n\nLoginTest.py:36: \n_ _ _ _ _ _ _ _ _ _ _ _ _ _ _ _ _ _ _ _ _ _ _ _ _ _ _ _ _ _ _ _ _ _ _ _ _ _ _ _ _ _ _ _ _ _ _ _ _ \n\nself = <pages.LoginPage.LoginPage object at 0x7fe693a5ec70>\n\n    def verifyAdminScreen(self):\n        adminScreen = self.isDisplayed(self._pageTitle, \"text\")\n>       assert adminScreen == True\nE       AssertionError\n\n../pages/LoginPage.py:45: AssertionError"}, "steps": [{"name": "App Opened", "status": "passed", "start": 1593917906129, "stop": 1593917906129}, {"name": "Click on Login Button", "status": "passed", "start": 1593917906728, "stop": 1593917906728}, {"name": "Entered email id", "status": "passed", "start": 1593917908708, "stop": 1593917908708}, {"name": "Entered Password", "status": "passed", "start": 1593917909924, "stop": 1593917909924}, {"name": "Clicked on Login Button in Login Screen", "status": "passed", "start": 1593917910570, "stop": 1593917910571}], "attachments": [{"name": "text", "source": "5b9df395-f48d-403e-94c5-4a3ec0542b94-attachment.png", "type": "image/png"}, {"name": "log", "source": "c85abc0d-419b-42af-9cbf-79b1a05ae770-attachment.txt", "type": "text/plain"}, {"name": "stdout", "source": "125a1e59-2b92-415b-92ca-4764a849e1af-attachment.txt", "type": "text/plain"}], "start": 1593917906129, "stop": 1593917936260, "uuid": "21d03fee-a880-45d9-bfb8-249ab8f63ba6", "historyId": "aeb6c84858cb897d59574054d46d09e3", "testCaseId": "1512c76b4b2d60f059541c0f73c45353", "fullName": "TestSuite.LoginTest#test_loginFailMethod", "labels": [{"name": "tag", "value": "@pytest.mark.usefixtures('beforeClass', 'beforeMethod')"}, {"name": "tag", "value": "run(order=3)"}, {"name": "suite", "value": "TestSuite"}, {"name": "subSuite", "value": "LoginTest"}, {"name": "host", "value": "Bobs-MBP.fios-router.home"}, {"name": "thread", "value": "42819-MainThread"}, {"name": "framework", "value": "pytest"}, {"name": "language", "value": "cpython3"}, {"name": "package", "value": "TestSuite"}]}