{"name": "test_loginFailMethod", "status": "failed", "statusDetails": {"message": "AssertionError", "trace": "self = <tests.LoginTest.LoginTest testMethod=test_loginFailMethod>\n\n    @pytest.mark.run(order=3)\n    def test_loginFailMethod(self):\n        cl.allureLogs(\"App Opened\")\n        self.gt.clickLoginBotton()\n        self.gt.enterEmail()\n        self.gt.enterPassword2()\n        self.gt.clickOnLoginB()\n>       self.gt.verifyAdminScreen()\n\nLoginTest.py:36: \n_ _ _ _ _ _ _ _ _ _ _ _ _ _ _ _ _ _ _ _ _ _ _ _ _ _ _ _ _ _ _ _ _ _ _ _ _ _ _ _ _ _ _ _ _ _ _ _ _ \n\nself = <pages.LoginPage.LoginPage object at 0x7fc0f3448070>\n\n    def verifyAdminScreen(self):\n        adminScreen = self.isDisplayed(self._pageTitle, \"text\")\n>       assert adminScreen == True\nE       AssertionError\n\n../pages/LoginPage.py:45: AssertionError"}, "steps": [{"name": "App Opened", "status": "passed", "start": 1593917467277, "stop": 1593917467277}, {"name": "Click on Login Button", "status": "passed", "start": 1593917467894, "stop": 1593917467894}, {"name": "Entered email id", "status": "passed", "start": 1593917469840, "stop": 1593917469840}, {"name": "Entered Password", "status": "passed", "start": 1593917471086, "stop": 1593917471086}, {"name": "Clicked on Login Button in Login Screen", "status": "passed", "start": 1593917471704, "stop": 1593917471704}], "attachments": [{"name": "text", "source": "eddfe3ce-db82-491f-b9fb-020cb81c73e0-attachment.png", "type": "image/png"}, {"name": "log", "source": "291d7d37-6330-4ae6-92f6-2b51098a6971-attachment.txt", "type": "text/plain"}, {"name": "stdout", "source": "9a2d3c6d-b271-475a-ba67-73840313e3a5-attachment.txt", "type": "text/plain"}], "start": 1593917467277, "stop": 1593917497381, "uuid": "3aeb2a8c-c122-49a5-9602-94e5b9ea1e7e", "historyId": "aeb6c84858cb897d59574054d46d09e3", "testCaseId": "1512c76b4b2d60f059541c0f73c45353", "fullName": "TestSuite.LoginTest#test_loginFailMethod", "labels": [{"name": "tag", "value": "@pytest.mark.usefixtures('beforeClass', 'beforeMethod')"}, {"name": "tag", "value": "run(order=3)"}, {"name": "suite", "value": "TestSuite"}, {"name": "subSuite", "value": "LoginTest"}, {"name": "host", "value": "Bobs-MBP.fios-router.home"}, {"name": "thread", "value": "42523-MainThread"}, {"name": "framework", "value": "pytest"}, {"name": "language", "value": "cpython3"}, {"name": "package", "value": "TestSuite"}]}