{"name": "test_loginFailMethod", "status": "failed", "statusDetails": {"message": "AssertionError", "trace": "self = <tests.LoginTest.LoginTest testMethod=test_loginFailMethod>\n\n    @pytest.mark.run(order=3)\n    def test_loginFailMethod(self):\n        cl.allureLogs(\"App Opened\")\n        self.gt.clickLoginBotton()\n        self.gt.enterEmail()\n        self.gt.enterPassword2()\n        self.gt.clickOnLoginB()\n>       self.gt.verifyAdminScreen()\n\nLoginTest.py:36: \n_ _ _ _ _ _ _ _ _ _ _ _ _ _ _ _ _ _ _ _ _ _ _ _ _ _ _ _ _ _ _ _ _ _ _ _ _ _ _ _ _ _ _ _ _ _ _ _ _ \n\nself = <pages.LoginPage.LoginPage object at 0x7fa4e59460d0>\n\n    def verifyAdminScreen(self):\n        adminScreen = self.isDisplayed(self._pageTitle, \"text\")\n>       assert adminScreen == True\nE       AssertionError\n\n../pages/LoginPage.py:45: AssertionError"}, "steps": [{"name": "App Opened", "status": "passed", "start": 1593918408813, "stop": 1593918408813}, {"name": "Click on Login Button", "status": "passed", "start": 1593918409385, "stop": 1593918409385}, {"name": "Entered email id", "status": "passed", "start": 1593918411362, "stop": 1593918411362}, {"name": "Entered Password", "status": "passed", "start": 1593918412589, "stop": 1593918412590}, {"name": "Clicked on Login Button in Login Screen", "status": "passed", "start": 1593918413209, "stop": 1593918413209}], "attachments": [{"name": "text", "source": "2a567aa1-732c-41bf-a3c0-1c43e31c1a70-attachment.png", "type": "image/png"}, {"name": "log", "source": "01846a5f-40b2-4ccd-b7a3-ad8f540243d5-attachment.txt", "type": "text/plain"}, {"name": "stdout", "source": "89c06fc8-ff85-4b6f-a33b-5e5e0333c588-attachment.txt", "type": "text/plain"}], "start": 1593918408813, "stop": 1593918439426, "uuid": "373882c2-bd7f-4944-89b4-7006e9b9794c", "historyId": "aeb6c84858cb897d59574054d46d09e3", "testCaseId": "1512c76b4b2d60f059541c0f73c45353", "fullName": "TestSuite.LoginTest#test_loginFailMethod", "labels": [{"name": "tag", "value": "run(order=3)"}, {"name": "tag", "value": "@pytest.mark.usefixtures('beforeClass', 'beforeMethod')"}, {"name": "suite", "value": "TestSuite"}, {"name": "subSuite", "value": "LoginTest"}, {"name": "host", "value": "Bobs-MBP.fios-router.home"}, {"name": "thread", "value": "43172-MainThread"}, {"name": "framework", "value": "pytest"}, {"name": "language", "value": "cpython3"}, {"name": "package", "value": "TestSuite"}]}