{"name": "test_enterDataInForm", "status": "failed", "statusDetails": {"message": "AssertionError", "trace": "self = <pages.ContactUsFormPage.ContactForm object at 0x7ff5fcd6a4c0>, text = '987654210', locatorValue = 'asss', locatorType = 'index'\n\n    def sendText(self, text, locatorValue, locatorType=\"id\"):\n        element = None\n        try:\n            locatorType = locatorType.lower()\n            element = self.getElement(locatorValue, locatorType)\n>           element.send_keys(text)\nE           AttributeError: 'NoneType' object has no attribute 'send_keys'\n\n../base/BasePage.py:74: AttributeError\n\nDuring handling of the above exception, another exception occurred:\n\nself = <tests.ContactUsFormTest.ContactFormTest testMethod=test_enterDataInForm>\n\n    @pytest.mark.run(order=2)\n    def test_enterDataInForm(self):\n        self.cf.enterName()\n        self.cf.enterEmail()\n        self.cf.enterAddress()\n>       self.cf.enterMNumber()\n\nContactUsFormTest.py:20: \n_ _ _ _ _ _ _ _ _ _ _ _ _ _ _ _ _ _ _ _ _ _ _ _ _ _ _ _ _ _ _ _ _ _ _ _ _ _ _ _ _ _ _ _ _ _ _ _ _ _ _ _ _ _ _ _ _ _ _ _ _ _ _ _ _ _ _ _ _ _ _ _ _\n../pages/ContactUsFormPage.py:42: in enterMNumber\n    self.sendText(\"987654210\", \"asss\", \"index\")\n_ _ _ _ _ _ _ _ _ _ _ _ _ _ _ _ _ _ _ _ _ _ _ _ _ _ _ _ _ _ _ _ _ _ _ _ _ _ _ _ _ _ _ _ _ _ _ _ _ _ _ _ _ _ _ _ _ _ _ _ _ _ _ _ _ _ _ _ _ _ _ _ _\n\nself = <pages.ContactUsFormPage.ContactForm object at 0x7ff5fcd6a4c0>, text = '987654210', locatorValue = 'asss', locatorType = 'index'\n\n    def sendText(self, text, locatorValue, locatorType=\"id\"):\n        element = None\n        try:\n            locatorType = locatorType.lower()\n            element = self.getElement(locatorValue, locatorType)\n            element.send_keys(text)\n            self.log.info(\n                \"Send text  on Element with LocatorType: \" + locatorType + \" and with the locatorValue :\" + locatorValue)\n        except:\n            self.log.info(\n                \"Unable to send text on Element with LocatorType: \" + locatorType + \" and with the locatorValue :\" + locatorValue)\n            self.takeScreenshot(locatorType)\n>           assert False\nE           AssertionError\n\n../base/BasePage.py:81: AssertionError"}, "steps": [{"name": "Entered Name", "status": "passed", "start": 1593912898577, "stop": 1593912898577}, {"name": "Entered Email", "status": "passed", "start": 1593912899721, "stop": 1593912899721}, {"name": "Entered Address", "status": "passed", "start": 1593912900972, "stop": 1593912900972}], "attachments": [{"name": "index", "source": "1f848542-daf7-4458-998b-2d7ee6e29000-attachment.png", "type": "image/png"}, {"name": "log", "source": "46c02c2e-a24f-493f-90d8-a3dd92d18849-attachment.txt", "type": "text/plain"}], "start": 1593912897833, "stop": 1593912901306, "uuid": "1c040824-4958-40ec-801a-a8a716ce1cf0", "historyId": "6444df4ec6f393ee9ec3ede1549bb632", "testCaseId": "5c97ed56f77d2b257b93c39ac44cc825", "fullName": "ContactUsFormTest.ContactFormTest#test_enterDataInForm", "labels": [{"name": "tag", "value": "@pytest.mark.usefixtures('beforeClass', 'beforeMethod')"}, {"name": "tag", "value": "run(order=2)"}, {"name": "suite", "value": "ContactUsFormTest"}, {"name": "subSuite", "value": "ContactFormTest"}, {"name": "host", "value": "Bobs-MBP.fios-router.home"}, {"name": "thread", "value": "40938-MainThread"}, {"name": "framework", "value": "pytest"}, {"name": "language", "value": "cpython3"}, {"name": "package", "value": "ContactUsFormTest"}]}