{"name": "test_loginFailMethod", "status": "failed", "statusDetails": {"message": "AssertionError", "trace": "self = <tests.LoginTest.LoginTest testMethod=test_loginFailMethod>\n\n    @pytest.mark.run(order=3)\n    def test_loginFailMethod(self):\n        cl.allureLogs(\"App Opened\")\n        self.gt.clickLoginBotton()\n        self.gt.enterEmail()\n        self.gt.enterPassword2()\n        self.gt.clickOnLoginB()\n>       self.gt.verifyAdminScreen()\n\nLoginTest.py:36: \n_ _ _ _ _ _ _ _ _ _ _ _ _ _ _ _ _ _ _ _ _ _ _ _ _ _ _ _ _ _ _ _ _ _ _ _ _ _ _ _ _ _ _ _ _ _ _ _ _ \n\nself = <pages.LoginPage.LoginPage object at 0x7fe78e892940>\n\n    def verifyAdminScreen(self):\n        adminScreen = self.isDisplayed(self._pageTitle, \"text\")\n>       assert adminScreen == True\nE       AssertionError\n\n../pages/LoginPage.py:45: AssertionError"}, "steps": [{"name": "App Opened", "status": "passed", "start": 1593918309136, "stop": 1593918309136}, {"name": "Click on Login Button", "status": "passed", "start": 1593918309690, "stop": 1593918309690}, {"name": "Entered email id", "status": "passed", "start": 1593918311644, "stop": 1593918311644}, {"name": "Entered Password", "status": "passed", "start": 1593918312856, "stop": 1593918312856}, {"name": "Clicked on Login Button in Login Screen", "status": "passed", "start": 1593918313482, "stop": 1593918313482}], "attachments": [{"name": "text", "source": "750386d1-ed27-480d-adae-8bcd66046530-attachment.png", "type": "image/png"}, {"name": "log", "source": "944e1f54-28d9-4822-a4fd-923f28e12ba9-attachment.txt", "type": "text/plain"}, {"name": "stdout", "source": "5ebcc95d-1eae-49d4-b128-93cbb7da59cb-attachment.txt", "type": "text/plain"}], "start": 1593918309135, "stop": 1593918339503, "uuid": "0c163373-3010-4489-aafb-6de74fe318f4", "historyId": "aeb6c84858cb897d59574054d46d09e3", "testCaseId": "1512c76b4b2d60f059541c0f73c45353", "fullName": "TestSuite.LoginTest#test_loginFailMethod", "labels": [{"name": "tag", "value": "run(order=3)"}, {"name": "tag", "value": "@pytest.mark.usefixtures('beforeClass', 'beforeMethod')"}, {"name": "suite", "value": "TestSuite"}, {"name": "subSuite", "value": "LoginTest"}, {"name": "host", "value": "Bobs-MBP.fios-router.home"}, {"name": "thread", "value": "43061-MainThread"}, {"name": "framework", "value": "pytest"}, {"name": "language", "value": "cpython3"}, {"name": "package", "value": "TestSuite"}]}